[ 2015-09-22T19:46:32+08:00 ] 0.0.0.0 /wenda/admin.php/Login/index.html
INFO: [ route_check ] --START--
INFO: CheckRoute Behavior ::run [ RunTime:0.002000s ]
INFO: [ route_check ] --END-- [ RunTime:0.002000s ]
INFO: [ app_begin ] --START--
INFO: ReadHtmlCache Behavior ::run [ RunTime:0.003000s ]
INFO: [ app_begin ] --END-- [ RunTime:0.003000s ]
INFO: [ view_parse ] --START--
INFO: ParseTemplate Behavior ::run [ RunTime:0.043003s ]
INFO: [ view_parse ] --END-- [ RunTime:0.043003s ]
INFO: [ view_filter ] --START--
INFO: ContentReplace Behavior ::run [ RunTime:0.002000s ]
INFO: TokenBuild Behavior ::run [ RunTime:0.001000s ]
INFO: WriteHtmlCache Behavior ::run [ RunTime:0.000000s ]
INFO: ShowRuntime Behavior ::run [ RunTime:0.000000s ]
INFO: [ view_filter ] --END-- [ RunTime:0.004000s ]
INFO: [ view_end ] --START--
INFO: ShowPageTrace Behavior ::run [ RunTime:0.000000s ]
INFO: [ view_end ] --END-- [ RunTime:0.000000s ]

[ 2015-09-22T19:47:17+08:00 ] 0.0.0.0 /wenda/admin.php/Login/checkAccount.html
INFO: [ route_check ] --START--
INFO: CheckRoute Behavior ::run [ RunTime:0.000000s ]
INFO: [ route_check ] --END-- [ RunTime:0.000000s ]
INFO: [ app_begin ] --START--
INFO: ReadHtmlCache Behavior ::run [ RunTime:0.000000s ]
INFO: [ app_begin ] --END-- [ RunTime:0.010000s ]
NOTIC: 建议使用I方法替代_post
NOTIC: 建议使用I方法替代_post
SQL: SHOW COLUMNS FROM `hd_admin` [ RunTime:0.028001s ]
SQL: SELECT * FROM `hd_admin` WHERE ( `account` = 'root' ) LIMIT 1   [ RunTime:0.000000s ]
INFO: [ view_parse ] --START--
INFO: ParseTemplate Behavior ::run [ RunTime:0.028001s ]
INFO: [ view_parse ] --END-- [ RunTime:0.028001s ]
INFO: [ view_filter ] --START--
INFO: ContentReplace Behavior ::run [ RunTime:0.001000s ]
INFO: TokenBuild Behavior ::run [ RunTime:0.001000s ]
INFO: WriteHtmlCache Behavior ::run [ RunTime:0.000000s ]
INFO: ShowRuntime Behavior ::run [ RunTime:0.000000s ]
INFO: [ view_filter ] --END-- [ RunTime:0.003000s ]
INFO: [ view_end ] --START--
INFO: ShowPageTrace Behavior ::run [ RunTime:0.000000s ]
INFO: [ view_end ] --END-- [ RunTime:0.000000s ]

[ 2015-09-22T19:47:19+08:00 ] 0.0.0.0 /wenda/admin.php/Index/index.html
INFO: [ route_check ] --START--
INFO: CheckRoute Behavior ::run [ RunTime:0.001000s ]
INFO: [ route_check ] --END-- [ RunTime:0.001000s ]
INFO: [ app_begin ] --START--
INFO: ReadHtmlCache Behavior ::run [ RunTime:0.001000s ]
INFO: [ app_begin ] --END-- [ RunTime:0.001000s ]
INFO: [ view_parse ] --START--
INFO: ParseTemplate Behavior ::run [ RunTime:0.013000s ]
INFO: [ view_parse ] --END-- [ RunTime:0.013000s ]
INFO: [ view_filter ] --START--
INFO: ContentReplace Behavior ::run [ RunTime:0.000000s ]
INFO: TokenBuild Behavior ::run [ RunTime:0.001000s ]
INFO: WriteHtmlCache Behavior ::run [ RunTime:0.001000s ]
INFO: ShowRuntime Behavior ::run [ RunTime:0.001000s ]
INFO: [ view_filter ] --END-- [ RunTime:0.004001s ]
INFO: [ view_end ] --START--
INFO: ShowPageTrace Behavior ::run [ RunTime:0.001000s ]
INFO: [ view_end ] --END-- [ RunTime:0.001000s ]

[ 2015-09-22T19:47:31+08:00 ] 0.0.0.0 /wenda/admin.php/Category/addCategory.html
INFO: [ route_check ] --START--
INFO: CheckRoute Behavior ::run [ RunTime:0.001000s ]
INFO: [ route_check ] --END-- [ RunTime:0.002000s ]
INFO: [ app_begin ] --START--
INFO: ReadHtmlCache Behavior ::run [ RunTime:0.001000s ]
INFO: [ app_begin ] --END-- [ RunTime:0.001000s ]
INFO: [ view_parse ] --START--
INFO: ParseTemplate Behavior ::run [ RunTime:0.012001s ]
INFO: [ view_parse ] --END-- [ RunTime:0.012001s ]
INFO: [ view_filter ] --START--
INFO: ContentReplace Behavior ::run [ RunTime:0.000000s ]
INFO: TokenBuild Behavior ::run [ RunTime:0.001000s ]
INFO: WriteHtmlCache Behavior ::run [ RunTime:0.001000s ]
INFO: ShowRuntime Behavior ::run [ RunTime:0.001000s ]
INFO: [ view_filter ] --END-- [ RunTime:0.004000s ]
INFO: [ view_end ] --START--
INFO: ShowPageTrace Behavior ::run [ RunTime:0.001000s ]
INFO: [ view_end ] --END-- [ RunTime:0.001000s ]

