[ 2015-10-14T14:38:37+08:00 ] 0.0.0.0 /wenda/
INFO: [ app_begin ] --START--
INFO: ReadHtmlCache Behavior ::run [ RunTime:0.000717s ]
INFO: [ app_begin ] --END-- [ RunTime:0.000842s ]
INFO: [ view_parse ] --START--
ERR: Unknown database 'wenda'

[ 2015-10-14T14:39:55+08:00 ] 0.0.0.0 /wenda/
INFO: [ app_begin ] --START--
INFO: ReadHtmlCache Behavior ::run [ RunTime:0.001293s ]
INFO: [ app_begin ] --END-- [ RunTime:0.001556s ]
INFO: [ view_parse ] --START--
SQL: SHOW COLUMNS FROM `hd_category` [ RunTime:0.013950s ]
SQL: SELECT * FROM `hd_category` WHERE ( `pid` = 0 )  [ RunTime:0.000388s ]
SQL: SELECT * FROM `hd_category` WHERE ( `pid` = 0 )  [ RunTime:0.000514s ]
SQL: SELECT * FROM `hd_category` WHERE ( `pid` = 1 )  [ RunTime:0.000291s ]
SQL: SELECT * FROM `hd_category` WHERE ( `pid` = 2 )  [ RunTime:0.000248s ]
SQL: SELECT * FROM `hd_category` WHERE ( `pid` = 3 )  [ RunTime:0.000307s ]
SQL: SELECT * FROM `hd_category` WHERE ( `pid` = 4 )  [ RunTime:0.000279s ]
SQL: SELECT * FROM `hd_category` WHERE ( `pid` = 5 )  [ RunTime:0.000244s ]
SQL: SELECT * FROM `hd_category` WHERE ( `pid` = 6 )  [ RunTime:0.000235s ]
SQL: SELECT * FROM `hd_category` WHERE ( `pid` = 7 )  [ RunTime:0.000261s ]
SQL: SELECT * FROM `hd_category` WHERE ( `pid` = 8 )  [ RunTime:0.000217s ]
SQL: SELECT * FROM `hd_category` WHERE ( `pid` = 9 )  [ RunTime:0.000230s ]
SQL: SELECT * FROM `hd_category` WHERE ( `pid` = 10 )  [ RunTime:0.000270s ]
SQL: SELECT * FROM `hd_category` WHERE ( `pid` = 11 )  [ RunTime:0.000269s ]
SQL: SELECT * FROM `hd_category` WHERE ( `pid` = 12 )  [ RunTime:0.000254s ]
SQL: SELECT * FROM `hd_category` WHERE ( `pid` = 13 )  [ RunTime:0.000217s ]
SQL: SELECT * FROM `hd_category` WHERE ( `pid` = 14 )  [ RunTime:0.000401s ]
INFO: ParseTemplate Behavior ::run [ RunTime:0.106973s ]
INFO: [ view_parse ] --END-- [ RunTime:0.107234s ]
INFO: [ view_filter ] --START--
INFO: ContentReplace Behavior ::run [ RunTime:0.000772s ]
INFO: TokenBuild Behavior ::run [ RunTime:0.000592s ]
INFO: WriteHtmlCache Behavior ::run [ RunTime:0.000405s ]
INFO: ShowRuntime Behavior ::run [ RunTime:0.000583s ]
INFO: [ view_filter ] --END-- [ RunTime:0.002666s ]
INFO: [ view_end ] --START--
INFO: ShowPageTrace Behavior ::run [ RunTime:0.000706s ]
INFO: [ view_end ] --END-- [ RunTime:0.000810s ]

[ 2015-10-14T14:39:57+08:00 ] 0.0.0.0 /wenda/
INFO: [ app_begin ] --START--
INFO: ReadHtmlCache Behavior ::run [ RunTime:0.000728s ]
INFO: [ app_begin ] --END-- [ RunTime:0.000870s ]
INFO: [ view_parse ] --START--
SQL: SHOW COLUMNS FROM `hd_category` [ RunTime:0.010355s ]
SQL: SELECT * FROM `hd_category` WHERE ( `pid` = 0 )  [ RunTime:0.000334s ]
SQL: SELECT * FROM `hd_category` WHERE ( `pid` = 0 )  [ RunTime:0.000273s ]
SQL: SELECT * FROM `hd_category` WHERE ( `pid` = 1 )  [ RunTime:0.000249s ]
SQL: SELECT * FROM `hd_category` WHERE ( `pid` = 2 )  [ RunTime:0.000274s ]
SQL: SELECT * FROM `hd_category` WHERE ( `pid` = 3 )  [ RunTime:0.000272s ]
SQL: SELECT * FROM `hd_category` WHERE ( `pid` = 4 )  [ RunTime:0.000267s ]
SQL: SELECT * FROM `hd_category` WHERE ( `pid` = 5 )  [ RunTime:0.000304s ]
SQL: SELECT * FROM `hd_category` WHERE ( `pid` = 6 )  [ RunTime:0.000253s ]
SQL: SELECT * FROM `hd_category` WHERE ( `pid` = 7 )  [ RunTime:0.000260s ]
SQL: SELECT * FROM `hd_category` WHERE ( `pid` = 8 )  [ RunTime:0.000274s ]
SQL: SELECT * FROM `hd_category` WHERE ( `pid` = 9 )  [ RunTime:0.000241s ]
SQL: SELECT * FROM `hd_category` WHERE ( `pid` = 10 )  [ RunTime:0.000277s ]
SQL: SELECT * FROM `hd_category` WHERE ( `pid` = 11 )  [ RunTime:0.000315s ]
SQL: SELECT * FROM `hd_category` WHERE ( `pid` = 12 )  [ RunTime:0.000275s ]
SQL: SELECT * FROM `hd_category` WHERE ( `pid` = 13 )  [ RunTime:0.000262s ]
SQL: SELECT * FROM `hd_category` WHERE ( `pid` = 14 )  [ RunTime:0.000369s ]
INFO: ParseTemplate Behavior ::run [ RunTime:0.084982s ]
INFO: [ view_parse ] --END-- [ RunTime:0.085099s ]
INFO: [ view_filter ] --START--
INFO: ContentReplace Behavior ::run [ RunTime:0.000855s ]
INFO: TokenBuild Behavior ::run [ RunTime:0.000579s ]
INFO: WriteHtmlCache Behavior ::run [ RunTime:0.000396s ]
INFO: ShowRuntime Behavior ::run [ RunTime:0.000533s ]
INFO: [ view_filter ] --END-- [ RunTime:0.002672s ]
INFO: [ view_end ] --START--
INFO: ShowPageTrace Behavior ::run [ RunTime:0.000623s ]
INFO: [ view_end ] --END-- [ RunTime:0.000716s ]

[ 2015-10-14T15:12:52+08:00 ] 0.0.0.0 /wenda/index.php/Common/register.html
INFO: [ route_check ] --START--
INFO: CheckRoute Behavior ::run [ RunTime:0.001536s ]
INFO: [ route_check ] --END-- [ RunTime:0.001749s ]
INFO: [ app_begin ] --START--
INFO: ReadHtmlCache Behavior ::run [ RunTime:0.001119s ]
INFO: [ app_begin ] --END-- [ RunTime:0.001245s ]
SQL: SHOW COLUMNS FROM `hd_user` [ RunTime:0.040816s ]
SQL: INSERT INTO `hd_user` (`account`,`username`,`password`) VALUES ('taotao','taotao','123') [ RunTime:0.000365s ]
INFO: [ view_parse ] --START--
INFO: ParseTemplate Behavior ::run [ RunTime:0.170117s ]
INFO: [ view_parse ] --END-- [ RunTime:0.170327s ]
INFO: [ view_filter ] --START--
INFO: ContentReplace Behavior ::run [ RunTime:0.023696s ]
INFO: TokenBuild Behavior ::run [ RunTime:0.008578s ]
INFO: WriteHtmlCache Behavior ::run [ RunTime:0.004861s ]
INFO: ShowRuntime Behavior ::run [ RunTime:0.007215s ]
INFO: [ view_filter ] --END-- [ RunTime:0.044890s ]
INFO: [ view_end ] --START--
INFO: ShowPageTrace Behavior ::run [ RunTime:0.006554s ]
INFO: [ view_end ] --END-- [ RunTime:0.006692s ]

[ 2015-10-14T15:12:53+08:00 ] 0.0.0.0 /wenda/
INFO: [ app_begin ] --START--
INFO: ReadHtmlCache Behavior ::run [ RunTime:0.000700s ]
INFO: [ app_begin ] --END-- [ RunTime:0.000829s ]
INFO: [ view_parse ] --START--
SQL: SHOW COLUMNS FROM `hd_category` [ RunTime:0.013904s ]
SQL: SELECT * FROM `hd_category` WHERE ( `pid` = 0 )  [ RunTime:0.000363s ]
SQL: SELECT * FROM `hd_category` WHERE ( `pid` = 0 )  [ RunTime:0.000311s ]
SQL: SELECT * FROM `hd_category` WHERE ( `pid` = 1 )  [ RunTime:0.000281s ]
SQL: SELECT * FROM `hd_category` WHERE ( `pid` = 2 )  [ RunTime:0.000253s ]
SQL: SELECT * FROM `hd_category` WHERE ( `pid` = 3 )  [ RunTime:0.000277s ]
SQL: SELECT * FROM `hd_category` WHERE ( `pid` = 4 )  [ RunTime:0.000282s ]
SQL: SELECT * FROM `hd_category` WHERE ( `pid` = 5 )  [ RunTime:0.000230s ]
SQL: SELECT * FROM `hd_category` WHERE ( `pid` = 6 )  [ RunTime:0.000259s ]
SQL: SELECT * FROM `hd_category` WHERE ( `pid` = 7 )  [ RunTime:0.000225s ]
SQL: SELECT * FROM `hd_category` WHERE ( `pid` = 8 )  [ RunTime:0.000201s ]
SQL: SELECT * FROM `hd_category` WHERE ( `pid` = 9 )  [ RunTime:0.000206s ]
SQL: SELECT * FROM `hd_category` WHERE ( `pid` = 10 )  [ RunTime:0.000241s ]
SQL: SELECT * FROM `hd_category` WHERE ( `pid` = 11 )  [ RunTime:0.000432s ]
SQL: SELECT * FROM `hd_category` WHERE ( `pid` = 12 )  [ RunTime:0.000357s ]
SQL: SELECT * FROM `hd_category` WHERE ( `pid` = 13 )  [ RunTime:0.000292s ]
SQL: SELECT * FROM `hd_category` WHERE ( `pid` = 14 )  [ RunTime:0.000381s ]
INFO: ParseTemplate Behavior ::run [ RunTime:0.110220s ]
INFO: [ view_parse ] --END-- [ RunTime:0.110405s ]
INFO: [ view_filter ] --START--
INFO: ContentReplace Behavior ::run [ RunTime:0.000946s ]
INFO: TokenBuild Behavior ::run [ RunTime:0.000573s ]
INFO: WriteHtmlCache Behavior ::run [ RunTime:0.000402s ]
INFO: ShowRuntime Behavior ::run [ RunTime:0.000674s ]
INFO: [ view_filter ] --END-- [ RunTime:0.003003s ]
INFO: [ view_end ] --START--
INFO: ShowPageTrace Behavior ::run [ RunTime:0.000696s ]
INFO: [ view_end ] --END-- [ RunTime:0.000794s ]

[ 2015-10-14T15:13:01+08:00 ] 0.0.0.0 /wenda/index.php/Common/login.html
INFO: [ route_check ] --START--
INFO: CheckRoute Behavior ::run [ RunTime:0.000909s ]
INFO: [ route_check ] --END-- [ RunTime:0.001040s ]
INFO: [ app_begin ] --START--
INFO: ReadHtmlCache Behavior ::run [ RunTime:0.000674s ]
INFO: [ app_begin ] --END-- [ RunTime:0.000779s ]
NOTIC: 建议使用I方法替代_post
NOTIC: 建议使用I方法替代_post
SQL: SHOW COLUMNS FROM `hd_user` [ RunTime:0.123509s ]
SQL: SELECT * FROM `hd_user` WHERE ( `account` = 'taotao' ) LIMIT 1   [ RunTime:0.000314s ]
INFO: [ view_parse ] --START--
INFO: ParseTemplate Behavior ::run [ RunTime:0.011022s ]
INFO: [ view_parse ] --END-- [ RunTime:0.011193s ]
INFO: [ view_filter ] --START--
INFO: ContentReplace Behavior ::run [ RunTime:0.000532s ]
INFO: TokenBuild Behavior ::run [ RunTime:0.000553s ]
INFO: WriteHtmlCache Behavior ::run [ RunTime:0.000386s ]
INFO: ShowRuntime Behavior ::run [ RunTime:0.000609s ]
INFO: [ view_filter ] --END-- [ RunTime:0.002404s ]
INFO: [ view_end ] --START--
INFO: ShowPageTrace Behavior ::run [ RunTime:0.000693s ]
INFO: [ view_end ] --END-- [ RunTime:0.000798s ]

[ 2015-10-14T15:13:02+08:00 ] 0.0.0.0 /wenda/
INFO: [ app_begin ] --START--
INFO: ReadHtmlCache Behavior ::run [ RunTime:0.001016s ]
INFO: [ app_begin ] --END-- [ RunTime:0.001165s ]
INFO: [ view_parse ] --START--
SQL: SHOW COLUMNS FROM `hd_category` [ RunTime:0.012970s ]
SQL: SELECT * FROM `hd_category` WHERE ( `pid` = 0 )  [ RunTime:0.000317s ]
SQL: SELECT * FROM `hd_category` WHERE ( `pid` = 0 )  [ RunTime:0.000451s ]
SQL: SELECT * FROM `hd_category` WHERE ( `pid` = 1 )  [ RunTime:0.000274s ]
SQL: SELECT * FROM `hd_category` WHERE ( `pid` = 2 )  [ RunTime:0.000262s ]
SQL: SELECT * FROM `hd_category` WHERE ( `pid` = 3 )  [ RunTime:0.000306s ]
SQL: SELECT * FROM `hd_category` WHERE ( `pid` = 4 )  [ RunTime:0.000307s ]
SQL: SELECT * FROM `hd_category` WHERE ( `pid` = 5 )  [ RunTime:0.000254s ]
SQL: SELECT * FROM `hd_category` WHERE ( `pid` = 6 )  [ RunTime:0.000205s ]
SQL: SELECT * FROM `hd_category` WHERE ( `pid` = 7 )  [ RunTime:0.000339s ]
SQL: SELECT * FROM `hd_category` WHERE ( `pid` = 8 )  [ RunTime:0.000418s ]
SQL: SELECT * FROM `hd_category` WHERE ( `pid` = 9 )  [ RunTime:0.000427s ]
SQL: SELECT * FROM `hd_category` WHERE ( `pid` = 10 )  [ RunTime:0.000267s ]
SQL: SELECT * FROM `hd_category` WHERE ( `pid` = 11 )  [ RunTime:0.000293s ]
SQL: SELECT * FROM `hd_category` WHERE ( `pid` = 12 )  [ RunTime:0.000241s ]
SQL: SELECT * FROM `hd_category` WHERE ( `pid` = 13 )  [ RunTime:0.000288s ]
SQL: SELECT * FROM `hd_category` WHERE ( `pid` = 14 )  [ RunTime:0.000422s ]
INFO: ParseTemplate Behavior ::run [ RunTime:0.112093s ]
INFO: [ view_parse ] --END-- [ RunTime:0.112297s ]
INFO: [ view_filter ] --START--
INFO: ContentReplace Behavior ::run [ RunTime:0.001150s ]
INFO: TokenBuild Behavior ::run [ RunTime:0.000632s ]
INFO: WriteHtmlCache Behavior ::run [ RunTime:0.000402s ]
INFO: ShowRuntime Behavior ::run [ RunTime:0.000932s ]
INFO: [ view_filter ] --END-- [ RunTime:0.003455s ]
INFO: [ view_end ] --START--
INFO: ShowPageTrace Behavior ::run [ RunTime:0.001182s ]
INFO: [ view_end ] --END-- [ RunTime:0.001341s ]

[ 2015-10-14T15:13:21+08:00 ] 0.0.0.0 /wenda/index.php/Ask/index.html
INFO: [ route_check ] --START--
INFO: CheckRoute Behavior ::run [ RunTime:0.000830s ]
INFO: [ route_check ] --END-- [ RunTime:0.000959s ]
INFO: [ app_begin ] --START--
INFO: ReadHtmlCache Behavior ::run [ RunTime:0.000842s ]
INFO: [ app_begin ] --END-- [ RunTime:0.000970s ]
SQL: SHOW COLUMNS FROM `hd_category` [ RunTime:0.015148s ]
SQL: SELECT * FROM `hd_category` WHERE ( `pid` = 0 )  [ RunTime:0.000373s ]
INFO: [ view_parse ] --START--
SQL: SELECT * FROM `hd_category` WHERE ( `pid` = 0 )  [ RunTime:0.000500s ]
INFO: ParseTemplate Behavior ::run [ RunTime:0.033563s ]
INFO: [ view_parse ] --END-- [ RunTime:0.033744s ]
INFO: [ view_filter ] --START--
INFO: ContentReplace Behavior ::run [ RunTime:0.000720s ]
INFO: TokenBuild Behavior ::run [ RunTime:0.000596s ]
INFO: WriteHtmlCache Behavior ::run [ RunTime:0.000404s ]
INFO: ShowRuntime Behavior ::run [ RunTime:0.000626s ]
INFO: [ view_filter ] --END-- [ RunTime:0.002655s ]
INFO: [ view_end ] --START--
INFO: ShowPageTrace Behavior ::run [ RunTime:0.000676s ]
INFO: [ view_end ] --END-- [ RunTime:0.000773s ]

[ 2015-10-14T15:13:28+08:00 ] 0.0.0.0 /wenda/index.php/Ask/getCategoryChild.html
INFO: [ route_check ] --START--
INFO: CheckRoute Behavior ::run [ RunTime:0.000869s ]
INFO: [ route_check ] --END-- [ RunTime:0.001003s ]
INFO: [ app_begin ] --START--
INFO: ReadHtmlCache Behavior ::run [ RunTime:0.000629s ]
INFO: [ app_begin ] --END-- [ RunTime:0.000716s ]
NOTIC: 建议使用I方法替代_post
SQL: SHOW COLUMNS FROM `hd_category` [ RunTime:0.010268s ]
SQL: SELECT * FROM `hd_category` WHERE ( `pid` = 1 )  [ RunTime:0.000350s ]

[ 2015-10-14T15:13:29+08:00 ] 0.0.0.0 /wenda/index.php/Ask/getCategoryChild.html
INFO: [ route_check ] --START--
INFO: CheckRoute Behavior ::run [ RunTime:0.000878s ]
INFO: [ route_check ] --END-- [ RunTime:0.001017s ]
INFO: [ app_begin ] --START--
INFO: ReadHtmlCache Behavior ::run [ RunTime:0.000722s ]
INFO: [ app_begin ] --END-- [ RunTime:0.000811s ]
NOTIC: 建议使用I方法替代_post
SQL: SHOW COLUMNS FROM `hd_category` [ RunTime:0.012629s ]
SQL: SELECT * FROM `hd_category` WHERE ( `pid` = 15 )  [ RunTime:0.000262s ]

[ 2015-10-14T15:13:30+08:00 ] 0.0.0.0 /wenda/index.php/Ask/getCategoryChild.html
INFO: [ route_check ] --START--
INFO: CheckRoute Behavior ::run [ RunTime:0.001559s ]
INFO: [ route_check ] --END-- [ RunTime:0.001743s ]
INFO: [ app_begin ] --START--
INFO: ReadHtmlCache Behavior ::run [ RunTime:0.000691s ]
INFO: [ app_begin ] --END-- [ RunTime:0.000796s ]
NOTIC: 建议使用I方法替代_post
SQL: SHOW COLUMNS FROM `hd_category` [ RunTime:0.012173s ]
SQL: SELECT * FROM `hd_category` WHERE ( `pid` = 181 )  [ RunTime:0.000249s ]

[ 2015-10-14T15:13:39+08:00 ] 0.0.0.0 /wenda/index.php/Ask/runAddAsk.html
INFO: [ route_check ] --START--
INFO: CheckRoute Behavior ::run [ RunTime:0.000799s ]
INFO: [ route_check ] --END-- [ RunTime:0.000933s ]
INFO: [ app_begin ] --START--
INFO: ReadHtmlCache Behavior ::run [ RunTime:0.000616s ]
INFO: [ app_begin ] --END-- [ RunTime:0.000715s ]
SQL: SHOW COLUMNS FROM `hd_ask` [ RunTime:0.011131s ]
SQL: INSERT INTO `hd_ask` (`cid`,`content`,`reward`,`time`,`uid`) VALUES (181,'haha',0,1444806819,1) [ RunTime:0.000387s ]
INFO: [ view_parse ] --START--
INFO: ParseTemplate Behavior ::run [ RunTime:0.008677s ]
INFO: [ view_parse ] --END-- [ RunTime:0.008878s ]
INFO: [ view_filter ] --START--
INFO: ContentReplace Behavior ::run [ RunTime:0.000657s ]
INFO: TokenBuild Behavior ::run [ RunTime:0.000857s ]
INFO: WriteHtmlCache Behavior ::run [ RunTime:0.000769s ]
INFO: ShowRuntime Behavior ::run [ RunTime:0.000961s ]
INFO: [ view_filter ] --END-- [ RunTime:0.003675s ]
INFO: [ view_end ] --START--
INFO: ShowPageTrace Behavior ::run [ RunTime:0.000789s ]
INFO: [ view_end ] --END-- [ RunTime:0.000899s ]

[ 2015-10-14T15:13:40+08:00 ] 0.0.0.0 /wenda/index.php/Ask/index.html
INFO: [ route_check ] --START--
INFO: CheckRoute Behavior ::run [ RunTime:0.000951s ]
INFO: [ route_check ] --END-- [ RunTime:0.001100s ]
INFO: [ app_begin ] --START--
INFO: ReadHtmlCache Behavior ::run [ RunTime:0.000680s ]
INFO: [ app_begin ] --END-- [ RunTime:0.000785s ]
SQL: SHOW COLUMNS FROM `hd_category` [ RunTime:0.011784s ]
SQL: SELECT * FROM `hd_category` WHERE ( `pid` = 0 )  [ RunTime:0.000309s ]
INFO: [ view_parse ] --START--
SQL: SELECT * FROM `hd_category` WHERE ( `pid` = 0 )  [ RunTime:0.000420s ]
INFO: ParseTemplate Behavior ::run [ RunTime:0.032277s ]
INFO: [ view_parse ] --END-- [ RunTime:0.032461s ]
INFO: [ view_filter ] --START--
INFO: ContentReplace Behavior ::run [ RunTime:0.000688s ]
INFO: TokenBuild Behavior ::run [ RunTime:0.000867s ]
INFO: WriteHtmlCache Behavior ::run [ RunTime:0.000470s ]
INFO: ShowRuntime Behavior ::run [ RunTime:0.000666s ]
INFO: [ view_filter ] --END-- [ RunTime:0.003019s ]
INFO: [ view_end ] --START--
INFO: ShowPageTrace Behavior ::run [ RunTime:0.001127s ]
INFO: [ view_end ] --END-- [ RunTime:0.001293s ]

[ 2015-10-14T15:15:58+08:00 ] 0.0.0.0 /wenda/index.php/Member/index/uid/1.html
INFO: [ route_check ] --START--
INFO: CheckRoute Behavior ::run [ RunTime:0.000862s ]
INFO: [ route_check ] --END-- [ RunTime:0.000973s ]
INFO: [ app_begin ] --START--
INFO: ReadHtmlCache Behavior ::run [ RunTime:0.000623s ]
INFO: [ app_begin ] --END-- [ RunTime:0.000720s ]

[ 2015-10-14T15:16:59+08:00 ] 0.0.0.0 /wenda/index.php/Ask/index.html
INFO: [ route_check ] --START--
INFO: CheckRoute Behavior ::run [ RunTime:0.000772s ]
INFO: [ route_check ] --END-- [ RunTime:0.000882s ]
INFO: [ app_begin ] --START--
INFO: ReadHtmlCache Behavior ::run [ RunTime:0.000590s ]
INFO: [ app_begin ] --END-- [ RunTime:0.000679s ]
SQL: SHOW COLUMNS FROM `hd_category` [ RunTime:0.011830s ]
SQL: SELECT * FROM `hd_category` WHERE ( `pid` = 0 )  [ RunTime:0.000339s ]
INFO: [ view_parse ] --START--
SQL: SELECT * FROM `hd_category` WHERE ( `pid` = 0 )  [ RunTime:0.000465s ]
INFO: ParseTemplate Behavior ::run [ RunTime:0.029525s ]
INFO: [ view_parse ] --END-- [ RunTime:0.029675s ]
INFO: [ view_filter ] --START--
INFO: ContentReplace Behavior ::run [ RunTime:0.000792s ]
INFO: TokenBuild Behavior ::run [ RunTime:0.000571s ]
INFO: WriteHtmlCache Behavior ::run [ RunTime:0.000396s ]
INFO: ShowRuntime Behavior ::run [ RunTime:0.000606s ]
INFO: [ view_filter ] --END-- [ RunTime:0.002624s ]
INFO: [ view_end ] --START--
INFO: ShowPageTrace Behavior ::run [ RunTime:0.000653s ]
INFO: [ view_end ] --END-- [ RunTime:0.000740s ]

[ 2015-10-14T15:17:01+08:00 ] 0.0.0.0 /wenda/index.php/Index/index.html
INFO: [ route_check ] --START--
INFO: CheckRoute Behavior ::run [ RunTime:0.000975s ]
INFO: [ route_check ] --END-- [ RunTime:0.001197s ]
INFO: [ app_begin ] --START--
INFO: ReadHtmlCache Behavior ::run [ RunTime:0.000785s ]
INFO: [ app_begin ] --END-- [ RunTime:0.000875s ]
INFO: [ view_parse ] --START--
SQL: SHOW COLUMNS FROM `hd_category` [ RunTime:0.010587s ]
SQL: SELECT * FROM `hd_category` WHERE ( `pid` = 0 )  [ RunTime:0.000399s ]
SQL: SELECT * FROM `hd_category` WHERE ( `pid` = 0 )  [ RunTime:0.000350s ]
SQL: SELECT * FROM `hd_category` WHERE ( `pid` = 1 )  [ RunTime:0.000267s ]
SQL: SELECT * FROM `hd_category` WHERE ( `pid` = 2 )  [ RunTime:0.000254s ]
SQL: SELECT * FROM `hd_category` WHERE ( `pid` = 3 )  [ RunTime:0.000274s ]
SQL: SELECT * FROM `hd_category` WHERE ( `pid` = 4 )  [ RunTime:0.000282s ]
SQL: SELECT * FROM `hd_category` WHERE ( `pid` = 5 )  [ RunTime:0.000247s ]
SQL: SELECT * FROM `hd_category` WHERE ( `pid` = 6 )  [ RunTime:0.000235s ]
SQL: SELECT * FROM `hd_category` WHERE ( `pid` = 7 )  [ RunTime:0.000280s ]
SQL: SELECT * FROM `hd_category` WHERE ( `pid` = 8 )  [ RunTime:0.000261s ]
SQL: SELECT * FROM `hd_category` WHERE ( `pid` = 9 )  [ RunTime:0.000267s ]
SQL: SELECT * FROM `hd_category` WHERE ( `pid` = 10 )  [ RunTime:0.000254s ]
SQL: SELECT * FROM `hd_category` WHERE ( `pid` = 11 )  [ RunTime:0.000297s ]
SQL: SELECT * FROM `hd_category` WHERE ( `pid` = 12 )  [ RunTime:0.000278s ]
SQL: SELECT * FROM `hd_category` WHERE ( `pid` = 13 )  [ RunTime:0.000290s ]
SQL: SELECT * FROM `hd_category` WHERE ( `pid` = 14 )  [ RunTime:0.000397s ]
INFO: ParseTemplate Behavior ::run [ RunTime:0.088433s ]
INFO: [ view_parse ] --END-- [ RunTime:0.088566s ]
INFO: [ view_filter ] --START--
INFO: ContentReplace Behavior ::run [ RunTime:0.001079s ]
INFO: TokenBuild Behavior ::run [ RunTime:0.000771s ]
INFO: WriteHtmlCache Behavior ::run [ RunTime:0.000580s ]
INFO: ShowRuntime Behavior ::run [ RunTime:0.000655s ]
INFO: [ view_filter ] --END-- [ RunTime:0.003381s ]
INFO: [ view_end ] --START--
INFO: ShowPageTrace Behavior ::run [ RunTime:0.000693s ]
INFO: [ view_end ] --END-- [ RunTime:0.000838s ]

[ 2015-10-14T15:17:03+08:00 ] 0.0.0.0 /wenda/index.php/Index/index.html
INFO: [ route_check ] --START--
INFO: CheckRoute Behavior ::run [ RunTime:0.001418s ]
INFO: [ route_check ] --END-- [ RunTime:0.001581s ]
INFO: [ app_begin ] --START--
INFO: ReadHtmlCache Behavior ::run [ RunTime:0.000836s ]
INFO: [ app_begin ] --END-- [ RunTime:0.000984s ]
INFO: [ view_parse ] --START--
SQL: SHOW COLUMNS FROM `hd_category` [ RunTime:0.081733s ]
SQL: SELECT * FROM `hd_category` WHERE ( `pid` = 0 )  [ RunTime:0.000879s ]
SQL: SELECT * FROM `hd_category` WHERE ( `pid` = 0 )  [ RunTime:0.000716s ]
SQL: SELECT * FROM `hd_category` WHERE ( `pid` = 1 )  [ RunTime:0.000740s ]
SQL: SELECT * FROM `hd_category` WHERE ( `pid` = 2 )  [ RunTime:0.000600s ]
SQL: SELECT * FROM `hd_category` WHERE ( `pid` = 3 )  [ RunTime:0.000661s ]
SQL: SELECT * FROM `hd_category` WHERE ( `pid` = 4 )  [ RunTime:0.000662s ]
SQL: SELECT * FROM `hd_category` WHERE ( `pid` = 5 )  [ RunTime:0.000610s ]
SQL: SELECT * FROM `hd_category` WHERE ( `pid` = 6 )  [ RunTime:0.000601s ]
SQL: SELECT * FROM `hd_category` WHERE ( `pid` = 7 )  [ RunTime:0.000635s ]
SQL: SELECT * FROM `hd_category` WHERE ( `pid` = 8 )  [ RunTime:0.000585s ]
SQL: SELECT * FROM `hd_category` WHERE ( `pid` = 9 )  [ RunTime:0.000697s ]
SQL: SELECT * FROM `hd_category` WHERE ( `pid` = 10 )  [ RunTime:0.000611s ]
SQL: SELECT * FROM `hd_category` WHERE ( `pid` = 11 )  [ RunTime:0.000715s ]
SQL: SELECT * FROM `hd_category` WHERE ( `pid` = 12 )  [ RunTime:0.000788s ]
SQL: SELECT * FROM `hd_category` WHERE ( `pid` = 13 )  [ RunTime:0.000604s ]
SQL: SELECT * FROM `hd_category` WHERE ( `pid` = 14 )  [ RunTime:0.000840s ]
INFO: ParseTemplate Behavior ::run [ RunTime:0.213584s ]
INFO: [ view_parse ] --END-- [ RunTime:0.213860s ]
INFO: [ view_filter ] --START--
INFO: ContentReplace Behavior ::run [ RunTime:0.003231s ]
INFO: TokenBuild Behavior ::run [ RunTime:0.000959s ]
INFO: WriteHtmlCache Behavior ::run [ RunTime:0.000555s ]
INFO: ShowRuntime Behavior ::run [ RunTime:0.001220s ]
INFO: [ view_filter ] --END-- [ RunTime:0.006531s ]
INFO: [ view_end ] --START--
INFO: ShowPageTrace Behavior ::run [ RunTime:0.000710s ]
INFO: [ view_end ] --END-- [ RunTime:0.000807s ]

[ 2015-10-14T15:17:04+08:00 ] 0.0.0.0 /wenda/index.php/Index/index.html
INFO: [ route_check ] --START--
INFO: CheckRoute Behavior ::run [ RunTime:0.000925s ]
INFO: [ route_check ] --END-- [ RunTime:0.001069s ]
INFO: [ app_begin ] --START--
INFO: ReadHtmlCache Behavior ::run [ RunTime:0.001006s ]
INFO: [ app_begin ] --END-- [ RunTime:0.001171s ]
INFO: [ view_parse ] --START--
SQL: SHOW COLUMNS FROM `hd_category` [ RunTime:0.010539s ]
SQL: SELECT * FROM `hd_category` WHERE ( `pid` = 0 )  [ RunTime:0.000362s ]
SQL: SELECT * FROM `hd_category` WHERE ( `pid` = 0 )  [ RunTime:0.000296s ]
SQL: SELECT * FROM `hd_category` WHERE ( `pid` = 1 )  [ RunTime:0.000247s ]
SQL: SELECT * FROM `hd_category` WHERE ( `pid` = 2 )  [ RunTime:0.000253s ]
SQL: SELECT * FROM `hd_category` WHERE ( `pid` = 3 )  [ RunTime:0.000263s ]
SQL: SELECT * FROM `hd_category` WHERE ( `pid` = 4 )  [ RunTime:0.000285s ]
SQL: SELECT * FROM `hd_category` WHERE ( `pid` = 5 )  [ RunTime:0.000242s ]
SQL: SELECT * FROM `hd_category` WHERE ( `pid` = 6 )  [ RunTime:0.000216s ]
SQL: SELECT * FROM `hd_category` WHERE ( `pid` = 7 )  [ RunTime:0.000270s ]
SQL: SELECT * FROM `hd_category` WHERE ( `pid` = 8 )  [ RunTime:0.000301s ]
SQL: SELECT * FROM `hd_category` WHERE ( `pid` = 9 )  [ RunTime:0.000299s ]
SQL: SELECT * FROM `hd_category` WHERE ( `pid` = 10 )  [ RunTime:0.000260s ]
SQL: SELECT * FROM `hd_category` WHERE ( `pid` = 11 )  [ RunTime:0.000272s ]
SQL: SELECT * FROM `hd_category` WHERE ( `pid` = 12 )  [ RunTime:0.000309s ]
SQL: SELECT * FROM `hd_category` WHERE ( `pid` = 13 )  [ RunTime:0.000248s ]
SQL: SELECT * FROM `hd_category` WHERE ( `pid` = 14 )  [ RunTime:0.000343s ]
INFO: ParseTemplate Behavior ::run [ RunTime:0.088029s ]
INFO: [ view_parse ] --END-- [ RunTime:0.088144s ]
INFO: [ view_filter ] --START--
INFO: ContentReplace Behavior ::run [ RunTime:0.001206s ]
INFO: TokenBuild Behavior ::run [ RunTime:0.000701s ]
INFO: WriteHtmlCache Behavior ::run [ RunTime:0.000547s ]
INFO: ShowRuntime Behavior ::run [ RunTime:0.000597s ]
INFO: [ view_filter ] --END-- [ RunTime:0.003366s ]
INFO: [ view_end ] --START--
INFO: ShowPageTrace Behavior ::run [ RunTime:0.000623s ]
INFO: [ view_end ] --END-- [ RunTime:0.000713s ]

[ 2015-10-14T16:13:17+08:00 ] 0.0.0.0 /wenda/index.php/List/index/id/52.html
INFO: [ route_check ] --START--
INFO: CheckRoute Behavior ::run [ RunTime:0.001520s ]
INFO: [ route_check ] --END-- [ RunTime:0.001756s ]
INFO: [ app_begin ] --START--
INFO: ReadHtmlCache Behavior ::run [ RunTime:0.001140s ]
INFO: [ app_begin ] --END-- [ RunTime:0.001322s ]

[ 2015-10-14T16:13:21+08:00 ] 0.0.0.0 /wenda/index.php/List/index/id/35.html
INFO: [ route_check ] --START--
INFO: CheckRoute Behavior ::run [ RunTime:0.003153s ]
INFO: [ route_check ] --END-- [ RunTime:0.003368s ]
INFO: [ app_begin ] --START--
INFO: ReadHtmlCache Behavior ::run [ RunTime:0.000839s ]
INFO: [ app_begin ] --END-- [ RunTime:0.001021s ]

[ 2015-10-14T16:13:34+08:00 ] 0.0.0.0 /wenda/index.php/List/index/id/8.html
INFO: [ route_check ] --START--
INFO: CheckRoute Behavior ::run [ RunTime:0.001020s ]
INFO: [ route_check ] --END-- [ RunTime:0.001168s ]
INFO: [ app_begin ] --START--
INFO: ReadHtmlCache Behavior ::run [ RunTime:0.000867s ]
INFO: [ app_begin ] --END-- [ RunTime:0.000985s ]

